<?xml version="1.0" encoding="utf-8"?><testsuites name="pytest tests"><testsuite name="pytest" errors="0" failures="0" skipped="0" tests="12" time="57.673" timestamp="2026-07-04T03:20:04.819105+00:00" hostname="agent-env-46e61070-084c-4de4-a796-da1ea3639485"><testcase classname="tests.test_monthly_digest.TestPWA" name="test_manifest_json" time="0.799" /><testcase classname="tests.test_monthly_digest.TestPWA" name="test_logo192" time="0.098" /><testcase classname="tests.test_monthly_digest.TestMonthlyDigest" name="test_digest_without_month_defaults_current" time="0.948" /><testcase classname="tests.test_monthly_digest.TestPWA" name="test_logo512" time="0.094" /><testcase classname="tests.test_monthly_digest.TestMonthlyDigest" name="test_digest_december_2025_happy_path" time="9.026" /><testcase classname="tests.test_monthly_digest.TestPWA" name="test_service_worker" time="0.151" /><testcase classname="tests.test_monthly_digest.TestPWA" name="test_index_head_tags" time="0.224" /><testcase classname="tests.test_monthly_digest.TestMonthlyDigest" name="test_digest_empty_month_fallback" time="36.228" /><testcase classname="tests.test_monthly_digest.TestMonthlyDigest" name="test_digest_no_auth" time="0.150" /><testcase classname="tests.test_monthly_digest.TestMonthlyDigest" name="test_digest_batch_not_found" time="0.096" /><testcase classname="tests.test_monthly_digest.TestMonthlyDigest" name="test_digest_empty_batch_no_crash" time="0.335" /><testcase classname="tests.test_monthly_digest.TestMonthlyDigest" name="test_digest_parallelism_4_students" time="10.575" /></testsuite></testsuites>