<?xml version="1.0" encoding="utf-8"?><testsuites name="pytest tests"><testsuite name="pytest" errors="0" failures="0" skipped="0" tests="15" time="22.841" timestamp="2026-07-04T02:48:12.961701+00:00" hostname="agent-env-46e61070-084c-4de4-a796-da1ea3639485"><testcase classname="tests.test_payment.TestPaymentFreshState" name="test_fresh_owner_unconfigured" time="0.891" /><testcase classname="tests.test_payment.TestPaymentFreshState" name="test_get_requires_auth" time="0.102" /><testcase classname="tests.test_payment.TestPaymentUPI" name="test_save_valid_upi" time="0.207" /><testcase classname="tests.test_payment.TestPaymentUPI" name="test_qr_url_uses_https_in_public" time="0.097" /><testcase classname="tests.test_payment.TestPaymentUPI" name="test_invalid_upi_400" time="0.143" /><testcase classname="tests.test_payment.TestPaymentQRImage" name="test_upload_qr_image" time="0.113" /><testcase classname="tests.test_payment.TestPaymentQRImage" name="test_image_takes_priority" time="0.303" /><testcase classname="tests.test_payment.TestPaymentQRImage" name="test_clear_image" time="0.100" /><testcase classname="tests.test_payment.TestPaymentPNGEndpoint" name="test_png_no_auth" time="0.116" /><testcase classname="tests.test_payment.TestPaymentPNGEndpoint" name="test_png_unconfigured_404" time="0.095" /><testcase classname="tests.test_payment.TestPaymentPNGEndpoint" name="test_png_bogus_center_404" time="0.111" /><testcase classname="tests.test_payment.TestPaymentIsolation" name="test_fresh_owner_does_not_see_demo" time="0.220" /><testcase classname="tests.test_payment.TestPaymentIsolation" name="test_fresh_owner_save_isolated" time="0.423" /><testcase classname="tests.test_payment.TestMonthlyReportFooter" name="test_monthly_report_with_payment" time="9.708" /><testcase classname="tests.test_payment.TestMonthlyReportFooter" name="test_monthly_report_without_payment" time="10.128" /></testsuite></testsuites>