<?xml version="1.0" encoding="utf-8"?><testsuites name="pytest tests"><testsuite name="pytest" errors="0" failures="1" skipped="0" tests="43" time="81.925" timestamp="2026-07-04T02:51:20.497580+00:00" hostname="agent-env-46e61070-084c-4de4-a796-da1ea3639485"><testcase classname="tests.backend_test.TestAuth" name="test_login_demo" time="0.570" /><testcase classname="tests.backend_test.TestAuth" name="test_login_bad_password" time="0.363" /><testcase classname="tests.backend_test.TestAuth" name="test_me" time="0.092" /><testcase classname="tests.backend_test.TestAuth" name="test_protected_without_token" time="0.110" /><testcase classname="tests.backend_test.TestMarksAndAnalytics" name="test_test_list_desc" time="1.223" /><testcase classname="tests.backend_test.TestAuth" name="test_register_duplicate" time="0.104" /><testcase classname="tests.backend_test.TestMarksAndAnalytics" name="test_marks_empty_rows" time="0.100" /><testcase classname="tests.backend_test.TestAuth" name="test_register_new" time="0.423" /><testcase classname="tests.backend_test.TestMarksAndAnalytics" name="test_save_and_read_marks" time="0.447" /><testcase classname="tests.backend_test.TestSyllabus" name="test_courses" time="0.180" /><testcase classname="tests.backend_test.TestMarksAndAnalytics" name="test_score_out_of_range" time="0.139" /><testcase classname="tests.backend_test.TestSyllabus" name="test_jee_populated" time="0.093" /><testcase classname="tests.backend_test.TestMarksAndAnalytics" name="test_null_score_deletes" time="0.410" /><testcase classname="tests.backend_test.TestSyllabus" name="test_neet_empty" time="0.135" /><testcase classname="tests.backend_test.TestSyllabus" name="test_unknown_course" time="0.097" /><testcase classname="tests.backend_test.TestBatches" name="test_create_and_list" time="0.213" /><testcase classname="tests.backend_test.TestMarksAndAnalytics" name="test_dashboard_at_risk" time="0.141" /><testcase classname="tests.backend_test.TestBatches" name="test_get_batch" time="0.134" /><testcase classname="tests.backend_test.TestMarksAndAnalytics" name="test_student_profile" time="0.138" /><testcase classname="tests.backend_test.TestBatches" name="test_invalid_course" time="0.146" /><testcase classname="tests.backend_test.TestMarksAndAnalytics" name="test_ai_progress_summary" time="5.777" /><testcase classname="tests.test_payment.TestPaymentUPI" name="test_save_valid_upi" time="0.692" /><testcase classname="tests.test_payment.TestPaymentUPI" name="test_qr_url_uses_https_in_public" time="0.095" /><testcase classname="tests.test_payment.TestPaymentUPI" name="test_invalid_upi_400" time="0.098" /><testcase classname="tests.test_payment.TestPaymentQRImage" name="test_upload_qr_image" time="0.114" /><testcase classname="tests.test_payment.TestPaymentQRImage" name="test_image_takes_priority" time="0.335" /><testcase classname="tests.test_payment.TestPaymentQRImage" name="test_clear_image" time="0.098" /><testcase classname="tests.test_payment.TestPaymentPNGEndpoint" name="test_png_no_auth" time="0.111" /><testcase classname="tests.test_payment.TestPaymentPNGEndpoint" name="test_png_unconfigured_404" time="0.413" /><testcase classname="tests.test_payment.TestPaymentPNGEndpoint" name="test_png_bogus_center_404" time="0.199" /><testcase classname="tests.backend_test.TestStudents" name="test_add_students_sorted" time="0.423" /><testcase classname="tests.backend_test.TestStudents" name="test_invalid_course_override" time="0.099" /><testcase classname="tests.backend_test.TestCascade" name="test_delete_test_removes_marks" time="0.714" /><testcase classname="tests.backend_test.TestCascade" name="test_delete_batch_removes_everything" time="0.489" /><testcase classname="tests.test_payment.TestPaymentFreshState" name="test_fresh_owner_unconfigured" time="0.849" /><testcase classname="tests.test_payment.TestPaymentFreshState" name="test_get_requires_auth" time="0.110" /><testcase classname="tests.test_payment.TestPaymentIsolation" name="test_fresh_owner_does_not_see_demo" time="0.294" /><testcase classname="tests.test_payment.TestPaymentIsolation" name="test_fresh_owner_save_isolated" time="0.518" /><testcase classname="tests.backend_test.TestMarksAndAnalytics" name="test_ai_parent_message" time="4.169" /><testcase classname="tests.test_payment.TestMonthlyReportFooter" name="test_monthly_report_with_payment" time="8.779" /><testcase classname="tests.backend_test.TestMarksAndAnalytics" name="test_ai_monthly_report" time="8.773" /><testcase classname="tests.test_payment.TestMonthlyReportFooter" name="test_monthly_report_without_payment" time="45.633" /><testcase classname="tests.backend_test.TestMarksAndAnalytics" name="test_ai_empty_history_no_crash" time="60.177"><failure message="requests.exceptions.ConnectTimeout: HTTPSConnectionPool(host='lyro-progress.preview.emergentagent.com', port=443): Max retries exceeded with url: /api/batches (Caused by ConnectTimeoutError(&lt;HTTPSConnection(host='lyro-progress.preview.emergentagent.com', port=443) at 0xfec41a9ac550&gt;, 'Connection to lyro-progress.preview.emergentagent.com timed out. (connect timeout=30)'))">/root/.venv/lib/python3.11/site-packages/urllib3/connection.py:204: in _new_conn
    sock = connection.create_connection(
/root/.venv/lib/python3.11/site-packages/urllib3/util/connection.py:85: in create_connection
    raise err
/root/.venv/lib/python3.11/site-packages/urllib3/util/connection.py:73: in create_connection
    sock.connect(sa)
E   TimeoutError: timed out

The above exception was the direct cause of the following exception:
/root/.venv/lib/python3.11/site-packages/urllib3/connectionpool.py:788: in urlopen
    response = self._make_request(
/root/.venv/lib/python3.11/site-packages/urllib3/connectionpool.py:488: in _make_request
    raise new_e
/root/.venv/lib/python3.11/site-packages/urllib3/connectionpool.py:464: in _make_request
    self._validate_conn(conn)
/root/.venv/lib/python3.11/site-packages/urllib3/connectionpool.py:1106: in _validate_conn
    conn.connect()
/root/.venv/lib/python3.11/site-packages/urllib3/connection.py:759: in connect
    self.sock = sock = self._new_conn()
                       ^^^^^^^^^^^^^^^^
/root/.venv/lib/python3.11/site-packages/urllib3/connection.py:213: in _new_conn
    raise ConnectTimeoutError(
E   urllib3.exceptions.ConnectTimeoutError: (&lt;HTTPSConnection(host='lyro-progress.preview.emergentagent.com', port=443) at 0xfec41a9ac550&gt;, 'Connection to lyro-progress.preview.emergentagent.com timed out. (connect timeout=30)')

The above exception was the direct cause of the following exception:
/root/.venv/lib/python3.11/site-packages/requests/adapters.py:696: in send
    resp = conn.urlopen(
/root/.venv/lib/python3.11/site-packages/urllib3/connectionpool.py:842: in urlopen
    retries = retries.increment(
/root/.venv/lib/python3.11/site-packages/urllib3/util/retry.py:543: in increment
    raise MaxRetryError(_pool, url, reason) from reason  # type: ignore[arg-type]
    ^^^^^^^^^^^^^^^^^^^^^^^^^^^^^^^^^^^^^^^^^^^^^^^^^^^
E   urllib3.exceptions.MaxRetryError: HTTPSConnectionPool(host='lyro-progress.preview.emergentagent.com', port=443): Max retries exceeded with url: /api/batches (Caused by ConnectTimeoutError(&lt;HTTPSConnection(host='lyro-progress.preview.emergentagent.com', port=443) at 0xfec41a9ac550&gt;, 'Connection to lyro-progress.preview.emergentagent.com timed out. (connect timeout=30)'))

During handling of the above exception, another exception occurred:
backend/tests/backend_test.py:283: in test_ai_empty_history_no_crash
    b = requests.post(f"{BASE_URL}/api/batches", json={"name": f"TEST_Empty_{uuid.uuid4().hex[:4]}", "course": "JEE"}, headers=hdr, timeout=30).json()
        ^^^^^^^^^^^^^^^^^^^^^^^^^^^^^^^^^^^^^^^^^^^^^^^^^^^^^^^^^^^^^^^^^^^^^^^^^^^^^^^^^^^^^^^^^^^^^^^^^^^^^^^^^^^^^^^^^^^^^^^^^^^^^^^^^^^^^^^
/root/.venv/lib/python3.11/site-packages/requests/api.py:134: in post
    return request("post", url, data=data, json=json, **kwargs)
           ^^^^^^^^^^^^^^^^^^^^^^^^^^^^^^^^^^^^^^^^^^^^^^^^^^^^
/root/.venv/lib/python3.11/site-packages/requests/api.py:71: in request
    return session.request(method=method, url=url, **kwargs)
           ^^^^^^^^^^^^^^^^^^^^^^^^^^^^^^^^^^^^^^^^^^^^^^^^^
/root/.venv/lib/python3.11/site-packages/requests/sessions.py:651: in request
    resp = self.send(prep, **send_kwargs)
           ^^^^^^^^^^^^^^^^^^^^^^^^^^^^^^
/root/.venv/lib/python3.11/site-packages/requests/sessions.py:784: in send
    r = adapter.send(request, **kwargs)
        ^^^^^^^^^^^^^^^^^^^^^^^^^^^^^^^
/root/.venv/lib/python3.11/site-packages/requests/adapters.py:717: in send
    raise ConnectTimeout(e, request=request)
E   requests.exceptions.ConnectTimeout: HTTPSConnectionPool(host='lyro-progress.preview.emergentagent.com', port=443): Max retries exceeded with url: /api/batches (Caused by ConnectTimeoutError(&lt;HTTPSConnection(host='lyro-progress.preview.emergentagent.com', port=443) at 0xfec41a9ac550&gt;, 'Connection to lyro-progress.preview.emergentagent.com timed out. (connect timeout=30)'))</failure></testcase></testsuite></testsuites>