<?xml version="1.0" encoding="utf-8"?><testsuites name="pytest tests"><testsuite name="pytest" errors="0" failures="0" skipped="0" tests="45" time="56.950" timestamp="2026-07-04T03:21:07.924153+00:00" hostname="agent-env-46e61070-084c-4de4-a796-da1ea3639485"><testcase classname="tests.backend_test.TestAuth" name="test_login_demo" time="0.576" /><testcase classname="tests.backend_test.TestAuth" name="test_login_bad_password" time="0.390" /><testcase classname="tests.backend_test.TestAuth" name="test_me" time="0.143" /><testcase classname="tests.backend_test.TestAuth" name="test_protected_without_token" time="0.095" /><testcase classname="tests.backend_test.TestMarksAndAnalytics" name="test_test_list_desc" time="1.289" /><testcase classname="tests.backend_test.TestAuth" name="test_register_duplicate" time="0.139" /><testcase classname="tests.backend_test.TestMarksAndAnalytics" name="test_marks_empty_rows" time="0.102" /><testcase classname="tests.backend_test.TestAuth" name="test_register_new" time="0.416" /><testcase classname="tests.backend_test.TestMarksAndAnalytics" name="test_save_and_read_marks" time="0.470" /><testcase classname="tests.backend_test.TestSyllabus" name="test_courses" time="0.100" /><testcase classname="tests.backend_test.TestMarksAndAnalytics" name="test_score_out_of_range" time="0.098" /><testcase classname="tests.backend_test.TestSyllabus" name="test_jee_populated" time="0.097" /><testcase classname="tests.backend_test.TestSyllabus" name="test_neet_populated" time="0.097" /><testcase classname="tests.backend_test.TestMarksAndAnalytics" name="test_null_score_deletes" time="0.462" /><testcase classname="tests.backend_test.TestSyllabus" name="test_nda_populated" time="0.097" /><testcase classname="tests.backend_test.TestSyllabus" name="test_boards_populated" time="0.097" /><testcase classname="tests.backend_test.TestSyllabus" name="test_unknown_course" time="0.120" /><testcase classname="tests.backend_test.TestMarksAndAnalytics" name="test_dashboard_at_risk" time="0.101" /><testcase classname="tests.backend_test.TestBatches" name="test_create_and_list" time="0.203" /><testcase classname="tests.backend_test.TestMarksAndAnalytics" name="test_student_profile" time="0.103" /><testcase classname="tests.backend_test.TestBatches" name="test_get_batch" time="0.098" /><testcase classname="tests.backend_test.TestMarksAndAnalytics" name="test_ai_progress_summary" time="5.280" /><testcase classname="tests.backend_test.TestBatches" name="test_invalid_course" time="0.094" /><testcase classname="tests.test_payment.TestPaymentUPI" name="test_save_valid_upi" time="0.644" /><testcase classname="tests.test_payment.TestPaymentUPI" name="test_qr_url_uses_https_in_public" time="0.096" /><testcase classname="tests.test_payment.TestPaymentUPI" name="test_invalid_upi_400" time="0.095" /><testcase classname="tests.test_payment.TestPaymentQRImage" name="test_upload_qr_image" time="0.120" /><testcase classname="tests.test_payment.TestPaymentQRImage" name="test_image_takes_priority" time="0.300" /><testcase classname="tests.test_payment.TestPaymentQRImage" name="test_clear_image" time="0.093" /><testcase classname="tests.test_payment.TestPaymentPNGEndpoint" name="test_png_no_auth" time="0.157" /><testcase classname="tests.test_payment.TestPaymentPNGEndpoint" name="test_png_unconfigured_404" time="0.422" /><testcase classname="tests.test_payment.TestPaymentPNGEndpoint" name="test_png_bogus_center_404" time="0.199" /><testcase classname="tests.backend_test.TestStudents" name="test_add_students_sorted" time="0.441" /><testcase classname="tests.backend_test.TestStudents" name="test_invalid_course_override" time="0.105" /><testcase classname="tests.backend_test.TestCascade" name="test_delete_test_removes_marks" time="0.721" /><testcase classname="tests.backend_test.TestCascade" name="test_delete_batch_removes_everything" time="0.498" /><testcase classname="tests.test_payment.TestPaymentFreshState" name="test_fresh_owner_unconfigured" time="0.848" /><testcase classname="tests.test_payment.TestPaymentFreshState" name="test_get_requires_auth" time="0.096" /><testcase classname="tests.test_payment.TestPaymentIsolation" name="test_fresh_owner_does_not_see_demo" time="21.023" /><testcase classname="tests.backend_test.TestMarksAndAnalytics" name="test_ai_parent_message" time="40.186" /><testcase classname="tests.test_payment.TestPaymentIsolation" name="test_fresh_owner_save_isolated" time="0.556" /><testcase classname="tests.test_payment.TestMonthlyReportFooter" name="test_monthly_report_with_payment" time="8.808" /><testcase classname="tests.test_payment.TestMonthlyReportFooter" name="test_monthly_report_without_payment" time="10.057" /><testcase classname="tests.backend_test.TestMarksAndAnalytics" name="test_ai_monthly_report" time="7.977" /><testcase classname="tests.backend_test.TestMarksAndAnalytics" name="test_ai_empty_history_no_crash" time="0.549" /></testsuite></testsuites>